2024-09-06 12:37:03,847 - DEBUG - urllib3.connectionpool - Starting new HTTPS connection (1): api.telegram.org:443
2024-09-06 12:37:05,053 - DEBUG - urllib3.connectionpool - https://api.telegram.org:443 "GET /bot7300074403:AAFwYTRXj8c9iib72mrOF5UcVfgxqKE5P4I/getMe HTTP/11" 200 244
2024-09-06 12:37:05,053 - DEBUG - urllib3.connectionpool - Starting new HTTPS connection (1): api.telegram.org:443
2024-09-06 12:37:19,938 - DEBUG - urllib3.connectionpool - https://api.telegram.org:443 "GET /bot7300074403:AAFwYTRXj8c9iib72mrOF5UcVfgxqKE5P4I/getUpdates?offset=1&timeout=20 HTTP/11" 200 350
2024-09-06 12:37:19,938 - DEBUG - urllib3.connectionpool - Starting new HTTPS connection (1): api.telegram.org:443
2024-09-06 12:37:21,354 - DEBUG - urllib3.connectionpool - https://api.telegram.org:443 "GET /bot7300074403:AAFwYTRXj8c9iib72mrOF5UcVfgxqKE5P4I/copyMessage?chat_id=748626808&from_chat_id=-1002236629948&message_id=2&reply_markup=%7B%22inline_keyboard%22%3A+%5B%5B%7B%22text%22%3A+%22%5Cu062a%5Cu0639%5Cu0631%5Cu06cc%5Cu0641+%5Cu0644%5Cu063a%5Cu062a%22%2C+%22callback_data%22%3A+%22admin_word%22%7D%5D%2C+%5B%7B%22text%22%3A+%22%5Cu0645%5Cu062f%5Cu06cc%5Cu0631%5Cu06cc%5Cu062a+%5Cu0644%5Cu063a%5Cu0627%5Cu062a+%5Cu0628%5Cu0627%5Cu0632%5Cu06cc%22%2C+%22callback_data%22%3A+%22admin_manageword%22%7D%5D%2C+%5B%7B%22text%22%3A+%22%5Cu0622%5Cu0645%5Cu0627%5Cu0631%22%2C+%22callback_data%22%3A+%22admin_amar%22%7D%5D%2C+%5B%7B%22text%22%3A+%22%5Cu0627%5Cu0631%5Cu0633%5Cu0627%5Cu0644+%5Cu0647%5Cu0645%5Cu06af%5Cu0627%5Cu0646%5Cu06cc%22%2C+%22callback_data%22%3A+%22admin_brodcast%22%7D%2C+%7B%22text%22%3A+%22%5Cu0641%5Cu0648%5Cu0631%5Cu0648%5Cu0627%5Cu0631%5Cu062f+%5Cu0647%5Cu0645%5Cu06af%5Cu0627%5Cu0646%5Cu06cc%22%2C+%22callback_data%22%3A+%22admin_forall%22%7D%5D%2C+%5B%7B%22text%22%3A+%22%5Cu0627%5Cu0641%5Cu0632%5Cu0648%5Cu062f%5Cu0646+%5Cu06a9%5Cu0627%5Cu0646%5Cu0627%5Cu0644+%5Cu062a%5Cu0628%5Cu0644%5Cu06cc%5Cu063a%5Cu0627%5Cu062a%5Cu06cc%22%2C+%22callback_data%22%3A+%22admin_adv%22%7D%5D%5D%7D HTTP/11" 200 39
2024-09-06 12:37:24,670 - DEBUG - urllib3.connectionpool - https://api.telegram.org:443 "GET /bot7300074403:AAFwYTRXj8c9iib72mrOF5UcVfgxqKE5P4I/getUpdates?offset=224099354&timeout=20 HTTP/11" 200 1451
2024-09-06 12:37:25,170 - DEBUG - urllib3.connectionpool - https://api.telegram.org:443 "POST /bot7300074403:AAFwYTRXj8c9iib72mrOF5UcVfgxqKE5P4I/deleteMessage?chat_id=748626808&message_id=486 HTTP/11" 200 25
2024-09-06 12:37:25,912 - DEBUG - urllib3.connectionpool - https://api.telegram.org:443 "GET /bot7300074403:AAFwYTRXj8c9iib72mrOF5UcVfgxqKE5P4I/copyMessage?chat_id=748626808&from_chat_id=-1002236629948&message_id=32&reply_markup=%7B%22inline_keyboard%22%3A+%5B%5B%7B%22text%22%3A+%22%5Cu0627%5Cu0646%5Cu0635%5Cu0631%5Cu0627%5Cu0641%22%2C+%22callback_data%22%3A+%22admin_back_main%22%7D%5D%5D%7D HTTP/11" 200 39
2024-09-06 12:37:37,946 - DEBUG - urllib3.connectionpool - https://api.telegram.org:443 "GET /bot7300074403:AAFwYTRXj8c9iib72mrOF5UcVfgxqKE5P4I/getUpdates?offset=224099355&timeout=20 HTTP/11" 200 587
2024-09-06 12:37:38,431 - DEBUG - urllib3.connectionpool - https://api.telegram.org:443 "GET /bot7300074403:AAFwYTRXj8c9iib72mrOF5UcVfgxqKE5P4I/getMe HTTP/11" 200 244
2024-09-06 12:37:38,830 - DEBUG - urllib3.connectionpool - https://api.telegram.org:443 "GET /bot7300074403:AAFwYTRXj8c9iib72mrOF5UcVfgxqKE5P4I/getChatMember?chat_id=-1002442497008&user_id=7300074403 HTTP/11" 200 509
2024-09-06 12:37:39,442 - DEBUG - urllib3.connectionpool - https://api.telegram.org:443 "GET /bot7300074403:AAFwYTRXj8c9iib72mrOF5UcVfgxqKE5P4I/copyMessage?chat_id=748626808&from_chat_id=-1002236629948&message_id=38 HTTP/11" 200 39
2024-09-06 12:37:46,710 - DEBUG - urllib3.connectionpool - https://api.telegram.org:443 "GET /bot7300074403:AAFwYTRXj8c9iib72mrOF5UcVfgxqKE5P4I/getUpdates?offset=224099356&timeout=20 HTTP/11" 200 410
2024-09-06 12:37:47,447 - DEBUG - urllib3.connectionpool - https://api.telegram.org:443 "GET /bot7300074403:AAFwYTRXj8c9iib72mrOF5UcVfgxqKE5P4I/copyMessage?chat_id=748626808&from_chat_id=-1002236629948&message_id=40&reply_markup=%7B%22keyboard%22%3A+%5B%5B%7B%22text%22%3A+%22%5Cu0628%5Cu0627%5Cu0632%5Cu06cc+%5Cud83c%5Cudfae%22%7D%5D%2C+%5B%7B%22text%22%3A+%22%5Cu0646%5Cu0641%5Cu0631%5Cu0627%5Cu062a+%5Cu0628%5Cu0631%5Cu062a%5Cu0631+%5Cud83d%5Cudcca%22%7D%2C+%7B%22text%22%3A+%22%5Cu062e%5Cu0631%5Cu06cc%5Cu062f+%5Cu0633%5Cu06a9%5Cu0647+%5Cud83e%5Cude99%22%7D%5D%2C+%5B%7B%22text%22%3A+%22%5Cu0641%5Cu0631%5Cu0648%5Cu0634%5Cu06af%5Cu0627%5Cu0647%22%7D%2C+%7B%22text%22%3A+%22%5Cu062a%5Cu0628%5Cu0644%5Cu06cc%5Cu063a%5Cu0627%5Cu062a%22%7D%5D%2C+%5B%7B%22text%22%3A+%22%5Cu062f%5Cu0639%5Cu0648%5Cu062a+%5Cu062f%5Cu0648%5Cu0633%5Cu062a%5Cu0627%5Cu0646%22%7D%5D%5D%2C+%22resize_keyboard%22%3A+true%7D HTTP/11" 200 39
2024-09-06 12:37:54,783 - DEBUG - urllib3.connectionpool - https://api.telegram.org:443 "GET /bot7300074403:AAFwYTRXj8c9iib72mrOF5UcVfgxqKE5P4I/getUpdates?offset=224099357&timeout=20 HTTP/11" 200 399
2024-09-06 12:37:54,783 - DEBUG - urllib3.connectionpool - Starting new HTTPS connection (1): api.telegram.org:443
2024-09-06 12:37:58,747 - DEBUG - urllib3.connectionpool - https://api.telegram.org:443 "GET /bot7300074403:AAFwYTRXj8c9iib72mrOF5UcVfgxqKE5P4I/copyMessage?chat_id=6926746273&from_chat_id=-1002236629948&message_id=12&reply_markup=%7B%22keyboard%22%3A+%5B%5B%7B%22text%22%3A+%22%5Cu0628%5Cu0627%5Cu0632%5Cu06cc+%5Cud83c%5Cudfae%22%7D%5D%2C+%5B%7B%22text%22%3A+%22%5Cu0646%5Cu0641%5Cu0631%5Cu0627%5Cu062a+%5Cu0628%5Cu0631%5Cu062a%5Cu0631+%5Cud83d%5Cudcca%22%7D%2C+%7B%22text%22%3A+%22%5Cu062e%5Cu0631%5Cu06cc%5Cu062f+%5Cu0633%5Cu06a9%5Cu0647+%5Cud83e%5Cude99%22%7D%5D%2C+%5B%7B%22text%22%3A+%22%5Cu0641%5Cu0631%5Cu0648%5Cu0634%5Cu06af%5Cu0627%5Cu0647%22%7D%2C+%7B%22text%22%3A+%22%5Cu062a%5Cu0628%5Cu0644%5Cu06cc%5Cu063a%5Cu0627%5Cu062a%22%7D%5D%2C+%5B%7B%22text%22%3A+%22%5Cu062f%5Cu0639%5Cu0648%5Cu062a+%5Cu062f%5Cu0648%5Cu0633%5Cu062a%5Cu0627%5Cu0646%22%7D%5D%5D%2C+%22resize_keyboard%22%3A+true%7D HTTP/11" 200 39
2024-09-06 12:38:03,122 - DEBUG - urllib3.connectionpool - https://api.telegram.org:443 "GET /bot7300074403:AAFwYTRXj8c9iib72mrOF5UcVfgxqKE5P4I/getUpdates?offset=224099358&timeout=20 HTTP/11" 200 377
2024-09-06 12:38:03,184 - DEBUG - urllib3.connectionpool - Starting new HTTPS connection (1): api.telegram.org:443
2024-09-06 12:38:04,631 - DEBUG - urllib3.connectionpool - https://api.telegram.org:443 "GET /bot7300074403:AAFwYTRXj8c9iib72mrOF5UcVfgxqKE5P4I/getChatMember?chat_id=-1002442497008&user_id=6926746273 HTTP/11" 200 163
2024-09-06 12:38:05,055 - DEBUG - urllib3.connectionpool - https://api.telegram.org:443 "GET /bot7300074403:AAFwYTRXj8c9iib72mrOF5UcVfgxqKE5P4I/copyMessage?chat_id=6926746273&from_chat_id=-1002236629948&message_id=30&reply_markup=%7B%22inline_keyboard%22%3A+%5B%5B%7B%22text%22%3A+%22%5Cu06a9%5Cu0627%5Cu0646%5Cu0627%5Cu0644%22%2C+%22url%22%3A+%22https%3A%2F%2Ft.me%2F%2Bk5UMXJw-LqJmODQ0%22%7D%5D%2C+%5B%7B%22text%22%3A+%22%5Cu0628%5Cu0631%5Cu0631%5Cu0633%5Cu06cc%22%2C+%22callback_data%22%3A+%22adv%22%7D%5D%5D%7D HTTP/11" 200 39
2024-09-06 12:38:14,660 - DEBUG - urllib3.connectionpool - https://api.telegram.org:443 "GET /bot7300074403:AAFwYTRXj8c9iib72mrOF5UcVfgxqKE5P4I/getUpdates?offset=224099359&timeout=20 HTTP/11" 200 1117
2024-09-06 12:38:14,959 - DEBUG - urllib3.connectionpool - https://api.telegram.org:443 "GET /bot7300074403:AAFwYTRXj8c9iib72mrOF5UcVfgxqKE5P4I/getChatMember?chat_id=-1002442497008&user_id=6926746273 HTTP/11" 200 165
2024-09-06 12:38:15,575 - DEBUG - urllib3.connectionpool - https://api.telegram.org:443 "POST /bot7300074403:AAFwYTRXj8c9iib72mrOF5UcVfgxqKE5P4I/deleteMessage?chat_id=6926746273&message_id=495 HTTP/11" 200 25
2024-09-06 12:38:16,144 - DEBUG - urllib3.connectionpool - https://api.telegram.org:443 "POST /bot7300074403:AAFwYTRXj8c9iib72mrOF5UcVfgxqKE5P4I/sendMessage?chat_id=6926746273&text=%D8%B4%D9%85%D8%A7+%D8%A8%D8%A7+%D8%B9%D8%B6%D9%88+%D8%B4%D8%AF%D9%86+%D8%AF%D8%B1+1+%DA%A9%D8%A7%D9%86%D8%A7%D9%84+400+%D8%B3%DA%A9%D9%87+%D8%AF%D8%B1%DB%8C%D8%A7%D9%81%D8%AA+%DA%A9%D8%B1%D8%AF%DB%8C%D8%AF+%D9%88+%D8%A8%D9%87+%D8%AD%D8%B3%D8%A7%D8%A8+%D8%B4%D9%85%D8%A7+%D9%88%D8%A7%D8%B1%DB%8C%D8%B2+%D8%B4%D8%AF. HTTP/11" 200 571
2024-09-06 12:38:16,557 - DEBUG - urllib3.connectionpool - https://api.telegram.org:443 "GET /bot7300074403:AAFwYTRXj8c9iib72mrOF5UcVfgxqKE5P4I/getChatMember?chat_id=-1002442497008&user_id=6926746273 HTTP/11" 200 165
2024-09-06 12:38:21,986 - DEBUG - urllib3.connectionpool - https://api.telegram.org:443 "GET /bot7300074403:AAFwYTRXj8c9iib72mrOF5UcVfgxqKE5P4I/getUpdates?offset=224099360&timeout=20 HTTP/11" 200 372
2024-09-06 12:38:22,660 - DEBUG - urllib3.connectionpool - https://api.telegram.org:443 "POST /bot7300074403:AAFwYTRXj8c9iib72mrOF5UcVfgxqKE5P4I/sendMessage?chat_id=6926746273&text=%D9%87%D9%86%D9%88%D8%B2+%D8%A8%D8%A7%D8%B2%DB%8C+%D8%AA%D9%88%D8%B3%D8%B7+%D8%A7%D8%AF%D9%85%DB%8C%D9%86+%D8%A7%D8%B6%D8%A7%D9%81%D9%87+%D9%86%D8%B4%D8%AF%D9%87 HTTP/11" 200 417
2024-09-06 12:38:25,029 - DEBUG - urllib3.connectionpool - https://api.telegram.org:443 "GET /bot7300074403:AAFwYTRXj8c9iib72mrOF5UcVfgxqKE5P4I/getUpdates?offset=224099361&timeout=20 HTTP/11" 200 391
2024-09-06 12:38:25,309 - DEBUG - urllib3.connectionpool - https://api.telegram.org:443 "POST /bot7300074403:AAFwYTRXj8c9iib72mrOF5UcVfgxqKE5P4I/sendMessage?chat_id=6926746273&text=%0A%D9%85%D9%88%D8%AC%D9%88%D8%AF%DB%8C%3A+400+%D8%B3%DA%A9%D9%87+%F0%9F%AA%99%0A%D8%A8%D8%B1%D8%A7%DB%8C+%D8%AE%D8%B1%DB%8C%D8%AF+%D8%B3%DA%A9%D9%87+%D8%A7%D8%B2+%D8%AF%DA%A9%D9%85%D9%87+%D9%87%D8%A7%DB%8C+%D8%B2%DB%8C%D8%B1+%D8%A7%D8%B3%D8%AA%D9%81%D8%A7%D8%AF%D9%87+%DA%A9%D9%86%DB%8C%D8%AF%0A&reply_markup=%7B%22inline_keyboard%22%3A+%5B%5B%7B%22text%22%3A+%222500+%5Cu0633%5Cu06a9%5Cu0647+%5Cud83e%5Cude99+%7C+%5Cu0642%5Cu06cc%5Cu0645%5Cu062a+%5Cud83d%5Cudcb3+10+%5Cu062a%5Cu0648%5Cu0645%5Cu0646%22%2C+%22callback_data%22%3A+%22buy_10_2500%22%7D%5D%2C+%5B%7B%22text%22%3A+%2210000+%5Cu0633%5Cu06a9%5Cu0647+%5Cud83e%5Cude99+%7C+%5Cu0642%5Cu06cc%5Cu0645%5Cu062a+%5Cud83d%5Cudcb3+30+%5Cu062a%5Cu0648%5Cu0645%5Cu0646%22%2C+%22callback_data%22%3A+%22buy_30_10000%22%7D%5D%2C+%5B%7B%22text%22%3A+%2250000+%5Cu0633%5Cu06a9%5Cu0647+%5Cud83e%5Cude99+%7C+%5Cu0642%5Cu06cc%5Cu0645%5Cu062a+%5Cud83d%5Cudcb3+100+%5Cu062a%5Cu0648%5Cu0645%5Cu0646%22%2C+%22callback_data%22%3A+%22buy_100_50000%22%7D%5D%5D%7D HTTP/11" 200 1030
2024-09-06 12:38:33,427 - DEBUG - urllib3.connectionpool - https://api.telegram.org:443 "GET /bot7300074403:AAFwYTRXj8c9iib72mrOF5UcVfgxqKE5P4I/getUpdates?offset=224099362&timeout=20 HTTP/11" 200 377
2024-09-06 12:38:33,839 - DEBUG - urllib3.connectionpool - https://api.telegram.org:443 "GET /bot7300074403:AAFwYTRXj8c9iib72mrOF5UcVfgxqKE5P4I/getChatMember?chat_id=-1002442497008&user_id=6926746273 HTTP/11" 200 165
2024-09-06 12:38:34,212 - DEBUG - urllib3.connectionpool - https://api.telegram.org:443 "GET /bot7300074403:AAFwYTRXj8c9iib72mrOF5UcVfgxqKE5P4I/copyMessage?chat_id=6926746273&from_chat_id=-1002236629948&message_id=28 HTTP/11" 200 39
2024-09-06 12:38:44,425 - DEBUG - urllib3.connectionpool - https://api.telegram.org:443 "GET /bot7300074403:AAFwYTRXj8c9iib72mrOF5UcVfgxqKE5P4I/getUpdates?offset=224099363&timeout=20 HTTP/11" 200 377
2024-09-06 12:38:44,756 - DEBUG - urllib3.connectionpool - https://api.telegram.org:443 "GET /bot7300074403:AAFwYTRXj8c9iib72mrOF5UcVfgxqKE5P4I/getChatMember?chat_id=-1002442497008&user_id=6926746273 HTTP/11" 200 163
2024-09-06 12:38:45,072 - DEBUG - urllib3.connectionpool - https://api.telegram.org:443 "GET /bot7300074403:AAFwYTRXj8c9iib72mrOF5UcVfgxqKE5P4I/copyMessage?chat_id=6926746273&from_chat_id=-1002236629948&message_id=28 HTTP/11" 200 39
2024-09-06 12:39:05,040 - DEBUG - urllib3.connectionpool - https://api.telegram.org:443 "GET /bot7300074403:AAFwYTRXj8c9iib72mrOF5UcVfgxqKE5P4I/getUpdates?offset=224099364&timeout=20 HTTP/11" 200 23
2024-09-06 12:39:25,310 - DEBUG - urllib3.connectionpool - https://api.telegram.org:443 "GET /bot7300074403:AAFwYTRXj8c9iib72mrOF5UcVfgxqKE5P4I/getUpdates?offset=224099364&timeout=20 HTTP/11" 200 23
2024-09-06 12:39:45,868 - DEBUG - urllib3.connectionpool - https://api.telegram.org:443 "GET /bot7300074403:AAFwYTRXj8c9iib72mrOF5UcVfgxqKE5P4I/getUpdates?offset=224099364&timeout=20 HTTP/11" 200 23
2024-09-06 12:40:06,347 - DEBUG - urllib3.connectionpool - https://api.telegram.org:443 "GET /bot7300074403:AAFwYTRXj8c9iib72mrOF5UcVfgxqKE5P4I/getUpdates?offset=224099364&timeout=20 HTTP/11" 200 23
2024-09-06 12:40:26,951 - DEBUG - urllib3.connectionpool - https://api.telegram.org:443 "GET /bot7300074403:AAFwYTRXj8c9iib72mrOF5UcVfgxqKE5P4I/getUpdates?offset=224099364&timeout=20 HTTP/11" 200 23
2024-09-06 12:40:47,251 - DEBUG - urllib3.connectionpool - https://api.telegram.org:443 "GET /bot7300074403:AAFwYTRXj8c9iib72mrOF5UcVfgxqKE5P4I/getUpdates?offset=224099364&timeout=20 HTTP/11" 200 23
2024-09-06 12:41:07,529 - DEBUG - urllib3.connectionpool - https://api.telegram.org:443 "GET /bot7300074403:AAFwYTRXj8c9iib72mrOF5UcVfgxqKE5P4I/getUpdates?offset=224099364&timeout=20 HTTP/11" 200 23
